0 info it worked if it ends with ok
1 verbose cli [ '/usr/local/Cellar/node/7.4.0/bin/node',
1 verbose cli   '/usr/local/bin/npm',
1 verbose cli   'info',
1 verbose cli   'AuthenticationService' ]
2 info using npm@4.1.1
3 info using node@v7.4.0
4 silly mapToRegistry name AuthenticationService
5 silly mapToRegistry using default registry
6 silly mapToRegistry registry https://registry.npm.taobao.org/
7 silly mapToRegistry data Result {
7 silly mapToRegistry   raw: 'AuthenticationService',
7 silly mapToRegistry   scope: null,
7 silly mapToRegistry   escapedName: 'AuthenticationService',
7 silly mapToRegistry   name: 'AuthenticationService',
7 silly mapToRegistry   rawSpec: '',
7 silly mapToRegistry   spec: 'latest',
7 silly mapToRegistry   type: 'tag' }
8 silly mapToRegistry uri https://registry.npm.taobao.org/AuthenticationService
9 verbose request uri https://registry.npm.taobao.org/AuthenticationService
10 verbose request no auth needed
11 info attempt registry request try #1 at 3:04:50 AM
12 verbose request id 854ddc7b02e58316
13 http request GET https://registry.npm.taobao.org/AuthenticationService
14 http 404 https://registry.npm.taobao.org/AuthenticationService
15 verbose headers { 'content-type': 'application/json',
15 verbose headers   'cache-control': 'max-age=0',
15 verbose headers   'content-length': '2',
15 verbose headers   'accept-ranges': 'bytes',
15 verbose headers   date: 'Sat, 28 Oct 2017 19:04:53 GMT',
15 verbose headers   via: '1.1 varnish',
15 verbose headers   age: '0',
15 verbose headers   connection: 'keep-alive',
15 verbose headers   'x-served-by': 'cache-nrt6144-NRT',
15 verbose headers   'x-cache': 'MISS',
15 verbose headers   'x-cache-hits': '0',
15 verbose headers   'x-timer': 'S1509217492.453285,VS0,VE1253',
15 verbose headers   vary: 'Accept-Encoding' }
16 silly get cb [ 404,
16 silly get   { 'content-type': 'application/json',
16 silly get     'cache-control': 'max-age=0',
16 silly get     'content-length': '2',
16 silly get     'accept-ranges': 'bytes',
16 silly get     date: 'Sat, 28 Oct 2017 19:04:53 GMT',
16 silly get     via: '1.1 varnish',
16 silly get     age: '0',
16 silly get     connection: 'keep-alive',
16 silly get     'x-served-by': 'cache-nrt6144-NRT',
16 silly get     'x-cache': 'MISS',
16 silly get     'x-cache-hits': '0',
16 silly get     'x-timer': 'S1509217492.453285,VS0,VE1253',
16 silly get     vary: 'Accept-Encoding' } ]
17 verbose stack Error: Registry returned 404 for GET on https://registry.npm.taobao.org/AuthenticationService
17 verbose stack     at makeError (/usr/local/lib/node_modules/npm/node_modules/npm-registry-client/lib/request.js:304:12)
17 verbose stack     at CachingRegistryClient.<anonymous> (/usr/local/lib/node_modules/npm/node_modules/npm-registry-client/lib/request.js:282:14)
17 verbose stack     at Request._callback (/usr/local/lib/node_modules/npm/node_modules/npm-registry-client/lib/request.js:212:14)
17 verbose stack     at Request.self.callback (/usr/local/lib/node_modules/npm/node_modules/request/request.js:186:22)
17 verbose stack     at emitTwo (events.js:106:13)
17 verbose stack     at Request.emit (events.js:191:7)
17 verbose stack     at Request.<anonymous> (/usr/local/lib/node_modules/npm/node_modules/request/request.js:1081:10)
17 verbose stack     at emitOne (events.js:96:13)
17 verbose stack     at Request.emit (events.js:188:7)
17 verbose stack     at IncomingMessage.<anonymous> (/usr/local/lib/node_modules/npm/node_modules/request/request.js:1001:12)
18 verbose statusCode 404
19 verbose pkgid AuthenticationService
20 verbose cwd /Users/apple/Documents/WorkSpace/contactmanager
21 error Darwin 16.7.0
22 error argv "/usr/local/Cellar/node/7.4.0/bin/node" "/usr/local/bin/npm" "info" "AuthenticationService"
23 error node v7.4.0
24 error npm  v4.1.1
25 error code E404
26 error 404 Registry returned 404 for GET on https://registry.npm.taobao.org/AuthenticationService
27 error 404
28 error 404 'AuthenticationService' is not in the npm registry.
29 error 404 Your package name is not valid, because
30 error 404 1. name can no longer contain capital letters
31 error 404 Note that you can also install from a
32 error 404 tarball, folder, http url, or git url.
33 verbose exit [ 1, true ]
